0 verbose cli /Applications/Cursor.app/Contents/Resources/app/resources/helpers/node /Users/derek/Documents/GitHub/fuga/.tools/npm/package/bin/npm-cli.js
1 info using npm@11.13.0
2 info using node@v22.22.0
3 silly config load:file:/Users/derek/Documents/GitHub/fuga/.tools/npm/package/npmrc
4 silly config load:file:/Users/derek/Documents/GitHub/fuga/.npmrc
5 silly config load:file:/Users/derek/.npmrc
6 silly config load:file:/Applications/Cursor.app/Contents/Resources/app/resources/etc/npmrc
7 verbose title npm install
8 verbose argv "install" "--cache" "./.npm-cache"
9 verbose logfile logs-max:10 dir:/Users/derek/Documents/GitHub/fuga/.npm-cache/_logs/2026-04-26T06_55_54_915Z-
10 verbose logfile /Users/derek/Documents/GitHub/fuga/.npm-cache/_logs/2026-04-26T06_55_54_915Z-debug-0.log
11 warn Unknown env config "devdir". This will stop working in the next major version of npm. See `npm help npmrc` for supported config options.
12 silly logfile done cleaning log files
13 silly packumentCache heap:4345298944 maxSize:1086324736 maxEntrySize:543162368
14 silly idealTree buildDeps
15 silly reify moves {}
16 silly audit bulk request {
16 silly audit   '@esbuild/aix-ppc64': [ '0.27.7' ],
16 silly audit   '@esbuild/android-arm': [ '0.27.7' ],
16 silly audit   '@esbuild/android-arm64': [ '0.27.7' ],
16 silly audit   '@esbuild/android-x64': [ '0.27.7' ],
16 silly audit   '@esbuild/darwin-arm64': [ '0.27.7' ],
16 silly audit   '@esbuild/darwin-x64': [ '0.27.7' ],
16 silly audit   '@esbuild/freebsd-arm64': [ '0.27.7' ],
16 silly audit   '@esbuild/freebsd-x64': [ '0.27.7' ],
16 silly audit   '@esbuild/linux-arm': [ '0.27.7' ],
16 silly audit   '@esbuild/linux-arm64': [ '0.27.7' ],
16 silly audit   '@esbuild/linux-ia32': [ '0.27.7' ],
16 silly audit   '@esbuild/linux-loong64': [ '0.27.7' ],
16 silly audit   '@esbuild/linux-mips64el': [ '0.27.7' ],
16 silly audit   '@esbuild/linux-ppc64': [ '0.27.7' ],
16 silly audit   '@esbuild/linux-riscv64': [ '0.27.7' ],
16 silly audit   '@esbuild/linux-s390x': [ '0.27.7' ],
16 silly audit   '@esbuild/linux-x64': [ '0.27.7' ],
16 silly audit   '@esbuild/netbsd-arm64': [ '0.27.7' ],
16 silly audit   '@esbuild/netbsd-x64': [ '0.27.7' ],
16 silly audit   '@esbuild/openbsd-arm64': [ '0.27.7' ],
16 silly audit   '@esbuild/openbsd-x64': [ '0.27.7' ],
16 silly audit   '@esbuild/openharmony-arm64': [ '0.27.7' ],
16 silly audit   '@esbuild/sunos-x64': [ '0.27.7' ],
16 silly audit   '@esbuild/win32-arm64': [ '0.27.7' ],
16 silly audit   '@esbuild/win32-ia32': [ '0.27.7' ],
16 silly audit   '@esbuild/win32-x64': [ '0.27.7' ],
16 silly audit   '@rollup/rollup-android-arm-eabi': [ '4.60.2' ],
16 silly audit   '@rollup/rollup-android-arm64': [ '4.60.2' ],
16 silly audit   '@rollup/rollup-darwin-arm64': [ '4.60.2' ],
16 silly audit   '@rollup/rollup-darwin-x64': [ '4.60.2' ],
16 silly audit   '@rollup/rollup-freebsd-arm64': [ '4.60.2' ],
16 silly audit   '@rollup/rollup-freebsd-x64': [ '4.60.2' ],
16 silly audit   '@rollup/rollup-linux-arm-gnueabihf': [ '4.60.2' ],
16 silly audit   '@rollup/rollup-linux-arm-musleabihf': [ '4.60.2' ],
16 silly audit   '@rollup/rollup-linux-arm64-gnu': [ '4.60.2' ],
16 silly audit   '@rollup/rollup-linux-arm64-musl': [ '4.60.2' ],
16 silly audit   '@rollup/rollup-linux-loong64-gnu': [ '4.60.2' ],
16 silly audit   '@rollup/rollup-linux-loong64-musl': [ '4.60.2' ],
16 silly audit   '@rollup/rollup-linux-ppc64-gnu': [ '4.60.2' ],
16 silly audit   '@rollup/rollup-linux-ppc64-musl': [ '4.60.2' ],
16 silly audit   '@rollup/rollup-linux-riscv64-gnu': [ '4.60.2' ],
16 silly audit   '@rollup/rollup-linux-riscv64-musl': [ '4.60.2' ],
16 silly audit   '@rollup/rollup-linux-s390x-gnu': [ '4.60.2' ],
16 silly audit   '@rollup/rollup-linux-x64-gnu': [ '4.60.2' ],
16 silly audit   '@rollup/rollup-linux-x64-musl': [ '4.60.2' ],
16 silly audit   '@rollup/rollup-openbsd-x64': [ '4.60.2' ],
16 silly audit   '@rollup/rollup-openharmony-arm64': [ '4.60.2' ],
16 silly audit   '@rollup/rollup-win32-arm64-msvc': [ '4.60.2' ],
16 silly audit   '@rollup/rollup-win32-ia32-msvc': [ '4.60.2' ],
16 silly audit   '@rollup/rollup-win32-x64-gnu': [ '4.60.2' ],
16 silly audit   '@rollup/rollup-win32-x64-msvc': [ '4.60.2' ],
16 silly audit   '@types/estree': [ '1.0.8' ],
16 silly audit   esbuild: [ '0.27.7' ],
16 silly audit   fdir: [ '6.5.0' ],
16 silly audit   fsevents: [ '2.3.3' ],
16 silly audit   nanoid: [ '3.3.11' ],
16 silly audit   picocolors: [ '1.1.1' ],
16 silly audit   picomatch: [ '4.0.4' ],
16 silly audit   postcss: [ '8.5.10' ],
16 silly audit   rollup: [ '4.60.2' ],
16 silly audit   'source-map-js': [ '1.2.1' ],
16 silly audit   tinyglobby: [ '0.2.16' ],
16 silly audit   vite: [ '7.3.2' ]
16 silly audit }
17 http cache vite@https://registry.npmjs.org/vite/-/vite-7.3.2.tgz 0ms (cache hit)
18 http cache rollup@https://registry.npmjs.org/rollup/-/rollup-4.60.2.tgz 0ms (cache hit)
19 http cache source-map-js@https://registry.npmjs.org/source-map-js/-/source-map-js-1.2.1.tgz 0ms (cache hit)
20 http cache tinyglobby@https://registry.npmjs.org/tinyglobby/-/tinyglobby-0.2.16.tgz 1ms (cache hit)
21 http cache picomatch@https://registry.npmjs.org/picomatch/-/picomatch-4.0.4.tgz 0ms (cache hit)
22 http cache postcss@https://registry.npmjs.org/postcss/-/postcss-8.5.10.tgz 0ms (cache hit)
23 http cache picocolors@https://registry.npmjs.org/picocolors/-/picocolors-1.1.1.tgz 0ms (cache hit)
24 http cache fsevents@https://registry.npmjs.org/fsevents/-/fsevents-2.3.3.tgz 0ms (cache hit)
25 http cache fdir@https://registry.npmjs.org/fdir/-/fdir-6.5.0.tgz 0ms (cache hit)
26 http cache nanoid@https://registry.npmjs.org/nanoid/-/nanoid-3.3.11.tgz 0ms (cache hit)
27 http cache @types/estree@https://registry.npmjs.org/@types/estree/-/estree-1.0.8.tgz 0ms (cache hit)
28 silly tarball no local data for vite@https://registry.npmjs.org/vite/-/vite-7.3.2.tgz. Extracting by manifest.
29 silly tarball no local data for rollup@https://registry.npmjs.org/rollup/-/rollup-4.60.2.tgz. Extracting by manifest.
30 silly tarball no local data for source-map-js@https://registry.npmjs.org/source-map-js/-/source-map-js-1.2.1.tgz. Extracting by manifest.
31 http cache @rollup/rollup-darwin-arm64@https://registry.npmjs.org/@rollup/rollup-darwin-arm64/-/rollup-darwin-arm64-4.60.2.tgz 0ms (cache hit)
32 silly tarball no local data for tinyglobby@https://registry.npmjs.org/tinyglobby/-/tinyglobby-0.2.16.tgz. Extracting by manifest.
33 silly tarball no local data for picomatch@https://registry.npmjs.org/picomatch/-/picomatch-4.0.4.tgz. Extracting by manifest.
34 http cache @esbuild/darwin-arm64@https://registry.npmjs.org/@esbuild/darwin-arm64/-/darwin-arm64-0.27.7.tgz 0ms (cache hit)
35 http cache esbuild@https://registry.npmjs.org/esbuild/-/esbuild-0.27.7.tgz 0ms (cache hit)
36 silly tarball no local data for postcss@https://registry.npmjs.org/postcss/-/postcss-8.5.10.tgz. Extracting by manifest.
37 silly tarball no local data for picocolors@https://registry.npmjs.org/picocolors/-/picocolors-1.1.1.tgz. Extracting by manifest.
38 silly tarball no local data for fsevents@https://registry.npmjs.org/fsevents/-/fsevents-2.3.3.tgz. Extracting by manifest.
39 silly tarball no local data for fdir@https://registry.npmjs.org/fdir/-/fdir-6.5.0.tgz. Extracting by manifest.
40 silly tarball no local data for nanoid@https://registry.npmjs.org/nanoid/-/nanoid-3.3.11.tgz. Extracting by manifest.
41 silly tarball no local data for @types/estree@https://registry.npmjs.org/@types/estree/-/estree-1.0.8.tgz. Extracting by manifest.
42 silly tarball no local data for @rollup/rollup-darwin-arm64@https://registry.npmjs.org/@rollup/rollup-darwin-arm64/-/rollup-darwin-arm64-4.60.2.tgz. Extracting by manifest.
43 silly tarball no local data for @esbuild/darwin-arm64@https://registry.npmjs.org/@esbuild/darwin-arm64/-/darwin-arm64-0.27.7.tgz. Extracting by manifest.
44 silly tarball no local data for esbuild@https://registry.npmjs.org/esbuild/-/esbuild-0.27.7.tgz. Extracting by manifest.
45 http fetch GET 200 https://registry.npmjs.org/tinyglobby/-/tinyglobby-0.2.16.tgz 159ms (cache miss)
46 http fetch GET 200 https://registry.npmjs.org/source-map-js/-/source-map-js-1.2.1.tgz 161ms (cache miss)
47 http fetch GET 200 https://registry.npmjs.org/picomatch/-/picomatch-4.0.4.tgz 163ms (cache miss)
48 http fetch POST 200 https://registry.npmjs.org/-/npm/v1/security/advisories/bulk 175ms
49 silly audit report {}
50 http fetch GET 200 https://registry.npmjs.org/fsevents/-/fsevents-2.3.3.tgz 168ms (cache miss)
51 http fetch GET 200 https://registry.npmjs.org/picocolors/-/picocolors-1.1.1.tgz 168ms (cache miss)
52 http fetch GET 200 https://registry.npmjs.org/fdir/-/fdir-6.5.0.tgz 176ms (cache miss)
53 http fetch GET 200 https://registry.npmjs.org/@types/estree/-/estree-1.0.8.tgz 179ms (cache miss)
54 http fetch GET 200 https://registry.npmjs.org/postcss/-/postcss-8.5.10.tgz 182ms (cache miss)
55 http fetch GET 200 https://registry.npmjs.org/nanoid/-/nanoid-3.3.11.tgz 189ms (cache miss)
56 http fetch GET 200 https://registry.npmjs.org/esbuild/-/esbuild-0.27.7.tgz 197ms (cache miss)
57 http fetch GET 200 https://registry.npmjs.org/vite/-/vite-7.3.2.tgz 224ms (cache miss)
58 http fetch GET 200 https://registry.npmjs.org/npm 262ms
59 http fetch GET 200 https://registry.npmjs.org/rollup/-/rollup-4.60.2.tgz 239ms (cache miss)
60 http fetch GET 200 https://registry.npmjs.org/@rollup/rollup-darwin-arm64/-/rollup-darwin-arm64-4.60.2.tgz 262ms (cache miss)
61 http fetch GET 200 https://registry.npmjs.org/@esbuild/darwin-arm64/-/darwin-arm64-0.27.7.tgz 458ms (cache miss)
62 info run esbuild@0.27.7 postinstall node_modules/esbuild node install.js
63 info run esbuild@0.27.7 postinstall { code: 0, signal: null }
64 silly ADD node_modules/vite
65 silly ADD node_modules/tinyglobby
66 silly ADD node_modules/source-map-js
67 silly ADD node_modules/rollup
68 silly ADD node_modules/postcss
69 silly ADD node_modules/picomatch
70 silly ADD node_modules/picocolors
71 silly ADD node_modules/nanoid
72 silly ADD node_modules/fsevents
73 silly ADD node_modules/fdir
74 silly ADD node_modules/esbuild
75 silly ADD node_modules/@types/estree
76 silly ADD node_modules/@rollup/rollup-darwin-arm64
77 silly ADD node_modules/@esbuild/darwin-arm64
78 verbose cwd /Users/derek/Documents/GitHub/fuga
79 verbose os Darwin 25.4.0
80 verbose node v22.22.0
81 verbose npm  v11.13.0
82 verbose exit 0
83 info ok
